04-10 00:33:09.479 E/AndroidRuntime(28308): FATAL EXCEPTION: main
04-10 00:33:09.479 E/AndroidRuntime(28308): Process: io.github.snd_r.komelia, PID: 28308
04-10 00:33:09.485 E/AndroidRuntime(28308): 	at snd.komelia.ui.reader.epub.Epub3ReaderState.applySettingsToView(Epub3ReaderState.kt:153)
04-10 00:33:09.485 E/AndroidRuntime(28308): 	at snd.komelia.ui.reader.epub.Epub3ReaderState.onEpubViewCreated(Epub3ReaderState.kt:346)
04-10 00:33:09.485 E/AndroidRuntime(28308): 	at snd.komelia.ui.reader.epub.Epub3ReaderContent_androidKt.Epub3ReaderContent$lambda$3$0$0$0$0(Epub3ReaderContent.android.kt:110)
04-10 00:33:09.485 E/AndroidRuntime(28308): 	at snd.komelia.ui.reader.epub.Epub3ReaderContent_androidKt.$r8$lambda$emtqfepJbfF1PlhMLBox5IY02Vs(Unknown Source:0)
04-10 00:33:09.485 E/AndroidRuntime(28308): 	at snd.komelia.ui.reader.epub.Epub3ReaderContent_androidKt$$ExternalSyntheticLambda11.invoke(D8$$SyntheticClass:0)
04-10 00:36:05.236 E/AndroidRuntime( 2170): FATAL EXCEPTION: main
04-10 00:36:05.236 E/AndroidRuntime( 2170): Process: io.github.snd_r.komelia, PID: 2170
04-10 10:25:08.550 E/AndroidRuntime( 8048): FATAL EXCEPTION: main
04-10 10:25:08.550 E/AndroidRuntime( 8048): Process: io.github.snd_r.komelia, PID: 8048
04-10 10:25:08.550 E/AndroidRuntime( 8048): java.lang.RuntimeException: Unable to destroy activity {io.github.snd_r.komelia/snd.komelia.MainActivity}: java.lang.IllegalStateException: Can not perform this action after onSaveInstanceState
04-11 19:37:35.717 E/AndroidRuntime(13177): FATAL EXCEPTION: main
04-11 19:37:35.717 E/AndroidRuntime(13177): Process: io.github.snd_r.komelia, PID: 13177
04-11 19:37:35.717 E/AndroidRuntime(13177): 	at snd.komelia.ui.reader.epub.audio.MediaOverlayController$player$1.onClipChanged(MediaOverlayController.kt:84)
04-15 20:46:32.514 I/b.snd_r.komelia(22593): Late-enabling -Xcheck:jni
04-15 20:46:32.560 I/b.snd_r.komelia(22593): Using CollectorTypeCMC GC.
04-15 20:46:33.629 D/nativeloader(22593): Configuring clns-9 for other apk /data/app/~~TsNzFKxWmtjai641n-vunA==/io.github.snd_r.komelia-EhxBEVWncyZQ0L7B_Qax1A==/base.apk. target_sdk_version=36, uses_libraries=, library_path=/data/app/~~TsNzFKxWmtjai641n-vunA==/io.github.snd_r.komelia-EhxBEVWncyZQ0L7B_Qax1A==/lib/arm64:/data/app/~~TsNzFKxWmtjai641n-vunA==/io.github.snd_r.komelia-EhxBEVWncyZQ0L7B_Qax1A==/base.apk!/lib/arm64-v8a, permitted_path=/data:/mnt/expand:/data/user/0/io.github.snd_r.komelia
04-15 20:46:34.157 D/ActivityThread(22593): io.github.snd_r.komelia will use render engine as VK
04-15 20:46:34.219 W/b.snd_r.komelia(22593): Loading /data/app/~~jePx-C28NRytzLfYFi01jw==/com.google.android.webview-eG-vXfSh_7T3yQtrVrUa3g==/oat/arm64/base.odex non-executable as it requires an image which we failed to load
04-15 20:46:34.444 I/b.snd_r.komelia(22593): hiddenapi: Accessing hidden method Landroid/view/ViewGroup;->makeOptionalFitsSystemWindows()V (runtime_flags=0, domain=platform, api=unsupported) from Landroidx/appcompat/widget/ViewUtils; (domain=app, TargetSdkVersion=36) using reflection: allowed
04-15 20:46:34.463 D/nativeloader(22593): Load /data/app/~~TsNzFKxWmtjai641n-vunA==/io.github.snd_r.komelia-EhxBEVWncyZQ0L7B_Qax1A==/base.apk!/lib/arm64-v8a/libsqlitejdbc.so using class loader ns clns-9 (caller=/data/app/~~TsNzFKxWmtjai641n-vunA==/io.github.snd_r.komelia-EhxBEVWncyZQ0L7B_Qax1A==/base.apk!classes26.dex): ok
04-15 20:46:34.472 I/InsetsController(22593): onStateChanged: host=io.github.snd_r.komelia/snd.komelia.MainActivity, from=android.view.ViewRootImpl.onInsetsStateChanged:3026, state=InsetsState: {mDisplayFrame=Rect(0, 0 - 1440, 3088), mDisplayCutout=DisplayCutout{insets=Rect(0, 100 - 0, 0) waterfall=Insets{left=0, top=0, right=0, bottom=0} boundingRect={Bounds=[Rect(0, 0 - 0, 0), Rect(685, 0 - 756, 100), Rect(0, 0 - 0, 0), Rect(0, 0 - 0, 0)]} cutoutPathParserInfo={CutoutPathParserInfo{displayWidth=1440 displayHeight=3088 physicalDisplayWidth=1440 physicalDisplayHeight=3088 density={3.75} cutoutSpec={M 0,0 H -9.466666666666667 V 26.66666666666667‬ H 9.466666666666667 V 0 H 0 Z @dp} rotation={0} scale={1.0} physicalPixelDisplaySizeRatio={1.0}}} sideOverrides={}}, mRoundedCorners=RoundedCorners{[RoundedCorner{position=TopLeft, radius=15, center=Point(15, 15)}, RoundedCorner{position=TopRight, radius=15, center=Point(1425, 15)}, RoundedCorner{position=BottomRight, radius=15, center=Point(1425, 3073)}, RoundedCorner{position=BottomLeft, radius=15, center=Point(15, 3073)}]}  mRoundedCornerFrame=Rect(0, 0 - 1440, 3088), mPrivacyIndicatorBounds=PrivacyIndicatorBounds {static bounds=Rect(1275, 0 - 1440, 100) rotation=0}, mDisplayShape=DisplayShape{ spec=-311912193 displayWidth=1440 displayHeight=3088 physicalPixelDisplaySizeRatio=1.0 rotation=0 offsetX=0 offsetY=0 scale=1.0}, mSources= { InsetsSource: {d1580000 mType=statusBars mFrame=[0,0][1440,100] mVisible=true mFlags= mSideHint=TOP mBoundingRects=null}, InsetsSource: {d1580005 mType=mandatorySystemGestures mFrame=[0,0][1440,145] mVisible=true mFlags= mSideHint=TOP mBoundingRects=null}, InsetsSource: {d1580006 mType=tappableElement mFrame=[0,0][1440,100] mVisible=true mFlags= mSideHint=TOP mBoundingRects=null}, InsetsSource: {3 mType=ime mFrame=[0,0][0,0] mVisible=false mFlags= mSideHint=NONE mBoundingRects=null}, InsetsSource: {27 mType=displayCutout mFrame=[0,0][1440,100] mVisible=true mFlags= mSideHint=TOP mBoundingRects=null}, InsetsSource: {2d4c0001 mType=navigationBars mFrame=[0,3032][1440,3088] mVisible=true mFlags=SUPPRESS_SCRIM mSideHint=BOTTOM mBoundingRects=null}, InsetsSource: {2d4c0004 mType=systemGestures mFrame=[0,0][112,3088] mVisible=true mFlags= mSideHint=LEFT mBoundingRects=null}, InsetsSource: {2d4c0005 mType=mandatorySystemGestures mFrame=[0,2968][1440,3088] mVisible=true mFlags= mSideHint=BOTTOM mBoundingRects=null}, InsetsSource: {2d4c0006 mType=tappableElement mFrame=[0,0][0,0] mVisible=true mFlags= mSideHint=NONE mBoundingRects=null}, InsetsSource: {2d4c0024 mType=systemGestures mFrame=[1328,0][1440,3088] mVisible=true mFlags= mSideHint=RIGHT mBoundingRects=null} }
04-15 20:46:34.474 I/IDS_TAG (22593): Clearing training data of snd.komelia.App@d804955
04-15 20:46:34.474 I/IDS_TAG (22593): Getting Shared Preference for snd.komelia.App@d804955 uid = 10644
04-15 20:46:34.475 I/IDS_TAG (22593): App snd.komelia.App@d804955 has not finished training
04-15 20:46:34.480 I/IDS_TAG (22593): Getting Shared Preference for snd.komelia.App@d804955 uid = 10644
04-15 20:46:34.480 I/IDS_TAG (22593): IDS count updated to 1 for snd.komelia.App@d804955
04-15 20:46:34.594 D/o.f.c.FlywayExecutor(22593): [DefaultDispatcher-worker-1] Determining location urls for classpath:db/callback using ClassLoader dalvik.system.PathClassLoader[DexPathList[[zip file "/data/app/~~TsNzFKxWmtjai641n-vunA==/io.github.snd_r.komelia-EhxBEVWncyZQ0L7B_Qax1A==/base.apk"],nativeLibraryDirectories=[/data/app/~~TsNzFKxWmtjai641n-vunA==/io.github.snd_r.komelia-EhxBEVWncyZQ0L7B_Qax1A==/lib/arm64, /data/app/~~TsNzFKxWmtjai641n-vunA==/io.github.snd_r.komelia-EhxBEVWncyZQ0L7B_Qax1A==/base.apk!/lib/arm64-v8a, /system/lib64, /system_ext/lib64]]] ...
04-15 20:46:34.594 I/o.f.c.FlywayExecutor(22593): [DefaultDispatcher-worker-1] Database: jdbc:sqlite:/data/user/0/io.github.snd_r.komelia/files/komelia.sqlite (SQLite 3.51)
04-15 20:46:34.611 I/b.snd_r.komelia(22593): hiddenapi: Accessing hidden method Landroid/os/SystemProperties;->addChangeCallback(Ljava/lang/Runnable;)V (runtime_flags=0, domain=platform, api=unsupported) from Landroidx/compose/ui/platform/AndroidComposeView$Companion; (domain=app, TargetSdkVersion=36) using reflection: allowed
04-15 20:46:34.663 I/b.snd_r.komelia(22593): Compiler allocated 5066KB to compile void android.view.ViewRootImpl.performTraversals()
04-15 20:46:34.685 E/b.snd_r.komelia(22593): Unable to open libpenguin.so: dlopen failed: library "libpenguin.so" not found.
04-15 20:46:34.696 D/o.f.c.i.s.c.ClassPathScanner(22593): [DefaultDispatcher-worker-1] Determining location urls for classpath:db/callback using ClassLoader dalvik.system.PathClassLoader[DexPathList[[zip file "/data/app/~~TsNzFKxWmtjai641n-vunA==/io.github.snd_r.komelia-EhxBEVWncyZQ0L7B_Qax1A==/base.apk"],nativeLibraryDirectories=[/data/app/~~TsNzFKxWmtjai641n-vunA==/io.github.snd_r.komelia-EhxBEVWncyZQ0L7B_Qax1A==/lib/arm64, /data/app/~~TsNzFKxWmtjai641n-vunA==/io.github.snd_r.komelia-EhxBEVWncyZQ0L7B_Qax1A==/base.apk!/lib/arm64-v8a, /system/lib64, /system_ext/lib64]]] ...
04-15 20:46:34.697 I/o.f.c.FlywayExecutor(22593): [DefaultDispatcher-worker-1] Database: jdbc:sqlite:/data/user/0/io.github.snd_r.komelia/files/offline.sqlite (SQLite 3.51)
04-15 20:46:34.726 I/InsetsSourceConsumer(22593): applyRequestedVisibilityToControl: visible=true, type=navigationBars, host=io.github.snd_r.komelia/snd.komelia.MainActivity
04-15 20:46:34.727 I/InsetsSourceConsumer(22593): applyRequestedVisibilityToControl: visible=true, type=statusBars, host=io.github.snd_r.komelia/snd.komelia.MainActivity
04-15 20:46:34.777 D/nativeloader(22593): Load /data/app/~~TsNzFKxWmtjai641n-vunA==/io.github.snd_r.komelia-EhxBEVWncyZQ0L7B_Qax1A==/base.apk!/lib/arm64-v8a/libz.so using class loader ns clns-9 (caller=/data/app/~~TsNzFKxWmtjai641n-vunA==/io.github.snd_r.komelia-EhxBEVWncyZQ0L7B_Qax1A==/base.apk!classes16.dex): ok
04-15 20:46:34.779 I/ImeTracker(22593): io.github.snd_r.komelia:3b37b0fa: onCancelled at PHASE_CLIENT_ALREADY_HIDDEN
04-15 20:46:34.786 D/nativeloader(22593): Load /data/app/~~TsNzFKxWmtjai641n-vunA==/io.github.snd_r.komelia-EhxBEVWncyZQ0L7B_Qax1A==/base.apk!/lib/arm64-v8a/libffi.so using class loader ns clns-9 (caller=/data/app/~~TsNzFKxWmtjai641n-vunA==/io.github.snd_r.komelia-EhxBEVWncyZQ0L7B_Qax1A==/base.apk!classes16.dex): ok
04-15 20:46:34.787 D/nativeloader(22593): Load /data/app/~~TsNzFKxWmtjai641n-vunA==/io.github.snd_r.komelia-EhxBEVWncyZQ0L7B_Qax1A==/base.apk!/lib/arm64-v8a/libintl.so using class loader ns clns-9 (caller=/data/app/~~TsNzFKxWmtjai641n-vunA==/io.github.snd_r.komelia-EhxBEVWncyZQ0L7B_Qax1A==/base.apk!classes16.dex): ok
04-15 20:46:34.790 D/nativeloader(22593): Load /data/app/~~TsNzFKxWmtjai641n-vunA==/io.github.snd_r.komelia-EhxBEVWncyZQ0L7B_Qax1A==/base.apk!/lib/arm64-v8a/libiconv.so using class loader ns clns-9 (caller=/data/app/~~TsNzFKxWmtjai641n-vunA==/io.github.snd_r.komelia-EhxBEVWncyZQ0L7B_Qax1A==/base.apk!classes16.dex): ok
04-15 20:46:34.793 D/nativeloader(22593): Load /data/app/~~TsNzFKxWmtjai641n-vunA==/io.github.snd_r.komelia-EhxBEVWncyZQ0L7B_Qax1A==/base.apk!/lib/arm64-v8a/libglib-2.0.so using class loader ns clns-9 (caller=/data/app/~~TsNzFKxWmtjai641n-vunA==/io.github.snd_r.komelia-EhxBEVWncyZQ0L7B_Qax1A==/base.apk!classes16.dex): ok
04-15 20:46:34.794 D/nativeloader(22593): Load /data/app/~~TsNzFKxWmtjai641n-vunA==/io.github.snd_r.komelia-EhxBEVWncyZQ0L7B_Qax1A==/base.apk!/lib/arm64-v8a/libgmodule-2.0.so using class loader ns clns-9 (caller=/data/app/~~TsNzFKxWmtjai641n-vunA==/io.github.snd_r.komelia-EhxBEVWncyZQ0L7B_Qax1A==/base.apk!classes16.dex): ok
04-15 20:46:34.795 D/nativeloader(22593): Load /data/app/~~TsNzFKxWmtjai641n-vunA==/io.github.snd_r.komelia-EhxBEVWncyZQ0L7B_Qax1A==/base.apk!/lib/arm64-v8a/libgobject-2.0.so using class loader ns clns-9 (caller=/data/app/~~TsNzFKxWmtjai641n-vunA==/io.github.snd_r.komelia-EhxBEVWncyZQ0L7B_Qax1A==/base.apk!classes16.dex): ok
04-15 20:46:34.800 D/nativeloader(22593): Load /data/app/~~TsNzFKxWmtjai641n-vunA==/io.github.snd_r.komelia-EhxBEVWncyZQ0L7B_Qax1A==/base.apk!/lib/arm64-v8a/libgio-2.0.so using class loader ns clns-9 (caller=/data/app/~~TsNzFKxWmtjai641n-vunA==/io.github.snd_r.komelia-EhxBEVWncyZQ0L7B_Qax1A==/base.apk!classes16.dex): ok
04-15 20:46:34.801 D/nativeloader(22593): Load /data/app/~~TsNzFKxWmtjai641n-vunA==/io.github.snd_r.komelia-EhxBEVWncyZQ0L7B_Qax1A==/base.apk!/lib/arm64-v8a/liblcms2.so using class loader ns clns-9 (caller=/data/app/~~TsNzFKxWmtjai641n-vunA==/io.github.snd_r.komelia-EhxBEVWncyZQ0L7B_Qax1A==/base.apk!classes16.dex): ok
04-15 20:46:34.802 D/nativeloader(22593): Load /data/app/~~TsNzFKxWmtjai641n-vunA==/io.github.snd_r.komelia-EhxBEVWncyZQ0L7B_Qax1A==/base.apk!/lib/arm64-v8a/libexif.so using class loader ns clns-9 (caller=/data/app/~~TsNzFKxWmtjai641n-vunA==/io.github.snd_r.komelia-EhxBEVWncyZQ0L7B_Qax1A==/base.apk!classes16.dex): ok
04-15 20:46:34.804 D/nativeloader(22593): Load /data/app/~~TsNzFKxWmtjai641n-vunA==/io.github.snd_r.komelia-EhxBEVWncyZQ0L7B_Qax1A==/base.apk!/lib/arm64-v8a/libde265.so using class loader ns clns-9 (caller=/data/app/~~TsNzFKxWmtjai641n-vunA==/io.github.snd_r.komelia-EhxBEVWncyZQ0L7B_Qax1A==/base.apk!classes16.dex): ok
04-15 20:46:34.805 D/nativeloader(22593): Load /data/app/~~TsNzFKxWmtjai641n-vunA==/io.github.snd_r.komelia-EhxBEVWncyZQ0L7B_Qax1A==/base.apk!/lib/arm64-v8a/libdav1d.so using class loader ns clns-9 (caller=/data/app/~~TsNzFKxWmtjai641n-vunA==/io.github.snd_r.komelia-EhxBEVWncyZQ0L7B_Qax1A==/base.apk!classes16.dex): ok
04-15 20:46:34.806 D/nativeloader(22593): Load /data/app/~~TsNzFKxWmtjai641n-vunA==/io.github.snd_r.komelia-EhxBEVWncyZQ0L7B_Qax1A==/base.apk!/lib/arm64-v8a/libexpat.so using class loader ns clns-9 (caller=/data/app/~~TsNzFKxWmtjai641n-vunA==/io.github.snd_r.komelia-EhxBEVWncyZQ0L7B_Qax1A==/base.apk!classes16.dex): ok
04-15 20:46:34.807 D/nativeloader(22593): Load /data/app/~~TsNzFKxWmtjai641n-vunA==/io.github.snd_r.komelia-EhxBEVWncyZQ0L7B_Qax1A==/base.apk!/lib/arm64-v8a/libhwy.so using class loader ns clns-9 (caller=/data/app/~~TsNzFKxWmtjai641n-vunA==/io.github.snd_r.komelia-EhxBEVWncyZQ0L7B_Qax1A==/base.apk!classes16.dex): ok
04-15 20:46:34.808 D/nativeloader(22593): Load /data/app/~~TsNzFKxWmtjai641n-vunA==/io.github.snd_r.komelia-EhxBEVWncyZQ0L7B_Qax1A==/base.apk!/lib/arm64-v8a/libsharpyuv.so using class loader ns clns-9 (caller=/data/app/~~TsNzFKxWmtjai641n-vunA==/io.github.snd_r.komelia-EhxBEVWncyZQ0L7B_Qax1A==/base.apk!classes16.dex): ok
04-15 20:46:34.808 D/nativeloader(22593): Load /data/app/~~TsNzFKxWmtjai641n-vunA==/io.github.snd_r.komelia-EhxBEVWncyZQ0L7B_Qax1A==/base.apk!/lib/arm64-v8a/libwebp.so using class loader ns clns-9 (caller=/data/app/~~TsNzFKxWmtjai641n-vunA==/io.github.snd_r.komelia-EhxBEVWncyZQ0L7B_Qax1A==/base.apk!classes16.dex): ok
04-15 20:46:34.809 D/nativeloader(22593): Load /data/app/~~TsNzFKxWmtjai641n-vunA==/io.github.snd_r.komelia-EhxBEVWncyZQ0L7B_Qax1A==/base.apk!/lib/arm64-v8a/libwebpdecoder.so using class loader ns clns-9 (caller=/data/app/~~TsNzFKxWmtjai641n-vunA==/io.github.snd_r.komelia-EhxBEVWncyZQ0L7B_Qax1A==/base.apk!classes16.dex): ok
04-15 20:46:34.809 D/nativeloader(22593): Load /data/app/~~TsNzFKxWmtjai641n-vunA==/io.github.snd_r.komelia-EhxBEVWncyZQ0L7B_Qax1A==/base.apk!/lib/arm64-v8a/libwebpdemux.so using class loader ns clns-9 (caller=/data/app/~~TsNzFKxWmtjai641n-vunA==/io.github.snd_r.komelia-EhxBEVWncyZQ0L7B_Qax1A==/base.apk!classes16.dex): ok
04-15 20:46:34.810 D/nativeloader(22593): Load /data/app/~~TsNzFKxWmtjai641n-vunA==/io.github.snd_r.komelia-EhxBEVWncyZQ0L7B_Qax1A==/base.apk!/lib/arm64-v8a/libwebpmux.so using class loader ns clns-9 (caller=/data/app/~~TsNzFKxWmtjai641n-vunA==/io.github.snd_r.komelia-EhxBEVWncyZQ0L7B_Qax1A==/base.apk!classes16.dex): ok
04-15 20:46:34.811 D/nativeloader(22593): Load /data/app/~~TsNzFKxWmtjai641n-vunA==/io.github.snd_r.komelia-EhxBEVWncyZQ0L7B_Qax1A==/base.apk!/lib/arm64-v8a/libjpeg.so using class loader ns clns-9 (caller=/data/app/~~TsNzFKxWmtjai641n-vunA==/io.github.snd_r.komelia-EhxBEVWncyZQ0L7B_Qax1A==/base.apk!classes16.dex): ok
04-15 20:46:34.812 D/nativeloader(22593): Load /data/app/~~TsNzFKxWmtjai641n-vunA==/io.github.snd_r.komelia-EhxBEVWncyZQ0L7B_Qax1A==/base.apk!/lib/arm64-v8a/libbrotlicommon.so using class loader ns clns-9 (caller=/data/app/~~TsNzFKxWmtjai641n-vunA==/io.github.snd_r.komelia-EhxBEVWncyZQ0L7B_Qax1A==/base.apk!classes16.dex): ok
04-15 20:46:34.813 D/nativeloader(22593): Load /data/app/~~TsNzFKxWmtjai641n-vunA==/io.github.snd_r.komelia-EhxBEVWncyZQ0L7B_Qax1A==/base.apk!/lib/arm64-v8a/libbrotlidec.so using class loader ns clns-9 (caller=/data/app/~~TsNzFKxWmtjai641n-vunA==/io.github.snd_r.komelia-EhxBEVWncyZQ0L7B_Qax1A==/base.apk!classes16.dex): ok
04-15 20:46:34.813 D/nativeloader(22593): Load /data/app/~~TsNzFKxWmtjai641n-vunA==/io.github.snd_r.komelia-EhxBEVWncyZQ0L7B_Qax1A==/base.apk!/lib/arm64-v8a/libbrotlienc.so using class loader ns clns-9 (caller=/data/app/~~TsNzFKxWmtjai641n-vunA==/io.github.snd_r.komelia-EhxBEVWncyZQ0L7B_Qax1A==/base.apk!classes16.dex): ok
04-15 20:46:34.814 D/nativeloader(22593): Load /data/app/~~TsNzFKxWmtjai641n-vunA==/io.github.snd_r.komelia-EhxBEVWncyZQ0L7B_Qax1A==/base.apk!/lib/arm64-v8a/libjxl_cms.so using class loader ns clns-9 (caller=/data/app/~~TsNzFKxWmtjai641n-vunA==/io.github.snd_r.komelia-EhxBEVWncyZQ0L7B_Qax1A==/base.apk!classes16.dex): ok
04-15 20:46:34.815 D/nativeloader(22593): Load /data/app/~~TsNzFKxWmtjai641n-vunA==/io.github.snd_r.komelia-EhxBEVWncyZQ0L7B_Qax1A==/base.apk!/lib/arm64-v8a/libjxl_threads.so using class loader ns clns-9 (caller=/data/app/~~TsNzFKxWmtjai641n-vunA==/io.github.snd_r.komelia-EhxBEVWncyZQ0L7B_Qax1A==/base.apk!classes16.dex): ok
04-15 20:46:34.816 D/nativeloader(22593): Load /data/app/~~TsNzFKxWmtjai641n-vunA==/io.github.snd_r.komelia-EhxBEVWncyZQ0L7B_Qax1A==/base.apk!/lib/arm64-v8a/libjxl.so using class loader ns clns-9 (caller=/data/app/~~TsNzFKxWmtjai641n-vunA==/io.github.snd_r.komelia-EhxBEVWncyZQ0L7B_Qax1A==/base.apk!classes16.dex): ok
04-15 20:46:34.822 D/nativeloader(22593): Load /data/app/~~TsNzFKxWmtjai641n-vunA==/io.github.snd_r.komelia-EhxBEVWncyZQ0L7B_Qax1A==/base.apk!/lib/arm64-v8a/libpng.so using class loader ns clns-9 (caller=/data/app/~~TsNzFKxWmtjai641n-vunA==/io.github.snd_r.komelia-EhxBEVWncyZQ0L7B_Qax1A==/base.apk!classes16.dex): ok
04-15 20:46:34.823 D/nativeloader(22593): Load /data/app/~~TsNzFKxWmtjai641n-vunA==/io.github.snd_r.komelia-EhxBEVWncyZQ0L7B_Qax1A==/base.apk!/lib/arm64-v8a/libtiff.so using class loader ns clns-9 (caller=/data/app/~~TsNzFKxWmtjai641n-vunA==/io.github.snd_r.komelia-EhxBEVWncyZQ0L7B_Qax1A==/base.apk!classes16.dex): ok
04-15 20:46:34.827 D/nativeloader(22593): Load /data/app/~~TsNzFKxWmtjai641n-vunA==/io.github.snd_r.komelia-EhxBEVWncyZQ0L7B_Qax1A==/base.apk!/lib/arm64-v8a/libheif.so using class loader ns clns-9 (caller=/data/app/~~TsNzFKxWmtjai641n-vunA==/io.github.snd_r.komelia-EhxBEVWncyZQ0L7B_Qax1A==/base.apk!classes16.dex): ok
04-15 20:46:34.828 D/nativeloader(22593): Load /data/app/~~TsNzFKxWmtjai641n-vunA==/io.github.snd_r.komelia-EhxBEVWncyZQ0L7B_Qax1A==/base.apk!/lib/arm64-v8a/libvips.so using class loader ns clns-9 (caller=/data/app/~~TsNzFKxWmtjai641n-vunA==/io.github.snd_r.komelia-EhxBEVWncyZQ0L7B_Qax1A==/base.apk!classes16.dex): ok
04-15 20:46:34.829 D/nativeloader(22593): Load /data/app/~~TsNzFKxWmtjai641n-vunA==/io.github.snd_r.komelia-EhxBEVWncyZQ0L7B_Qax1A==/base.apk!/lib/arm64-v8a/libkomelia_vips.so using class loader ns clns-9 (caller=/data/app/~~TsNzFKxWmtjai641n-vunA==/io.github.snd_r.komelia-EhxBEVWncyZQ0L7B_Qax1A==/base.apk!classes16.dex): ok
04-15 20:46:34.830 D/nativeloader(22593): Load /data/app/~~TsNzFKxWmtjai641n-vunA==/io.github.snd_r.komelia-EhxBEVWncyZQ0L7B_Qax1A==/base.apk!/lib/arm64-v8a/libkomelia_android_bitmap.so using class loader ns clns-9 (caller=/data/app/~~TsNzFKxWmtjai641n-vunA==/io.github.snd_r.komelia-EhxBEVWncyZQ0L7B_Qax1A==/base.apk!classes16.dex): ok
04-15 20:46:34.841 D/nativeloader(22593): Load /data/app/~~TsNzFKxWmtjai641n-vunA==/io.github.snd_r.komelia-EhxBEVWncyZQ0L7B_Qax1A==/base.apk!/lib/arm64-v8a/libomp.so using class loader ns clns-9 (caller=/data/app/~~TsNzFKxWmtjai641n-vunA==/io.github.snd_r.komelia-EhxBEVWncyZQ0L7B_Qax1A==/base.apk!classes16.dex): ok
04-15 20:46:34.851 D/nativeloader(22593): Load /data/app/~~TsNzFKxWmtjai641n-vunA==/io.github.snd_r.komelia-EhxBEVWncyZQ0L7B_Qax1A==/base.apk!/lib/arm64-v8a/libonnxruntime.so using class loader ns clns-9 (caller=/data/app/~~TsNzFKxWmtjai641n-vunA==/io.github.snd_r.komelia-EhxBEVWncyZQ0L7B_Qax1A==/base.apk!classes16.dex): ok
04-15 20:46:34.852 D/nativeloader(22593): Load /data/app/~~TsNzFKxWmtjai641n-vunA==/io.github.snd_r.komelia-EhxBEVWncyZQ0L7B_Qax1A==/base.apk!/lib/arm64-v8a/libkomelia_onnxruntime.so using class loader ns clns-9 (caller=/data/app/~~TsNzFKxWmtjai641n-vunA==/io.github.snd_r.komelia-EhxBEVWncyZQ0L7B_Qax1A==/base.apk!classes16.dex): ok
04-15 20:46:34.856 D/nativeloader(22593): Load /data/app/~~TsNzFKxWmtjai641n-vunA==/io.github.snd_r.komelia-EhxBEVWncyZQ0L7B_Qax1A==/base.apk!/lib/arm64-v8a/libncnn.so using class loader ns clns-9 (caller=/data/app/~~TsNzFKxWmtjai641n-vunA==/io.github.snd_r.komelia-EhxBEVWncyZQ0L7B_Qax1A==/base.apk!classes4.dex): ok
04-15 20:46:34.858 D/nativeloader(22593): Load /data/app/~~TsNzFKxWmtjai641n-vunA==/io.github.snd_r.komelia-EhxBEVWncyZQ0L7B_Qax1A==/base.apk!/lib/arm64-v8a/libncnn-upscaler.so using class loader ns clns-9 (caller=/data/app/~~TsNzFKxWmtjai641n-vunA==/io.github.snd_r.komelia-EhxBEVWncyZQ0L7B_Qax1A==/base.apk!classes4.dex): ok
04-15 20:46:34.858 D/Upscaler-ncnn-Vulkan(22593): JNI_OnLoad
04-15 20:46:35.053 D/Exposed (22593): [DefaultDispatcher-worker-1] SELECT ImageReaderSettings.book_id, ImageReaderSettings.reader_type, ImageReaderSettings.stretch_to_fit, ImageReaderSettings.paged_scale_type, ImageReaderSettings.paged_reading_direction, ImageReaderSettings.paged_page_layout, ImageReaderSettings.continuous_reading_direction, ImageReaderSettings.continuous_padding, ImageReaderSettings.continuous_page_spacing, ImageReaderSettings.crop_borders, ImageReaderSettings.load_thumbnail_previews, ImageReaderSettings.volume_keys_navigation, ImageReaderSettings.flash_on_page_change, ImageReaderSettings.flash_duration, ImageReaderSettings.flash_every_n_pages, ImageReaderSettings.flash_with, ImageReaderSettings.downsampling_kernel, ImageReaderSettings.linear_light_downsampling, ImageReaderSettings.upsampling_mode, ImageReaderSettings.ncnn_enabled, ImageReaderSettings.ncnn_engine, ImageReaderSettings.ncnn_model, ImageReaderSettings.ncnn_gpu_id, ImageReaderSettings.ncnn_tta_mode, ImageReaderSettings.ncnn_num_threads, ImageReaderSettings.ncnn_upscale_on_load, ImageReaderSettings.ncnn_upscale_threshold, ImageReaderSettings.ncnn_upscaler_url, ImageReaderSettings.onnx_runtime_device_id, ImageReaderSettings.onnx_runtime_mode, ImageReaderSettings.onnx_runtime_tile_size, ImageReaderSettings.onnx_runtime_model_path, ImageReaderSettings.panel_detection_url, ImageReaderSettings.panels_full_page_display_mode, ImageReaderSettings.paged_reader_tap_to_zoom, ImageReaderSettings.panel_reader_tap_to_zoom, ImageReaderSettings.paged_reader_adaptive_background, ImageReaderSettings.panel_reader_adaptive_background, ImageReaderSettings.tap_navigation_mode FROM ImageReaderSettings WHERE ImageReaderSettings.book_id = 'DEFAULT'
04-15 20:46:35.446 I/s.k.i.AndroidPanelDetector(22593): [DefaultDispatcher-worker-6] panel detector path string /data/user/0/io.github.snd_r.komelia/files/onnx/rf-detr-med.onnx
04-15 20:46:35.482 D/vulkan  (22593): searching for layers in '/data/app/~~TsNzFKxWmtjai641n-vunA==/io.github.snd_r.komelia-EhxBEVWncyZQ0L7B_Qax1A==/lib/arm64'
04-15 20:46:35.482 D/vulkan  (22593): searching for layers in '/data/app/~~TsNzFKxWmtjai641n-vunA==/io.github.snd_r.komelia-EhxBEVWncyZQ0L7B_Qax1A==/base.apk!/lib/arm64-v8a'
04-15 20:46:35.499 I/AdrenoVK-0(22593): Driver Path             : /vendor/lib64/hw/vulkan.adreno.so
04-15 20:46:35.499 I/AdrenoVK-0(22593): Application Name    : ncnn
04-15 20:46:35.499 I/AdrenoVK-0(22593): Engine Name         : ncnn
04-15 20:46:35.501 W/ncnn    (22593): [0 Adreno (TM) 740]  queueC=0[3]  queueT=0[3]
04-15 20:46:35.501 W/ncnn    (22593): [0 Adreno (TM) 740]  fp16-p/s/u/a=1/1/0/1  int8-p/s/u/a=1/1/0/1  bf16-p/s=1/0
04-15 20:46:35.501 W/ncnn    (22593): [0 Adreno (TM) 740]  subgroup=64(64~128)  ops=1/1/1/1/1/1/0/1/0/0
04-15 20:46:35.501 W/ncnn    (22593): [0 Adreno (TM) 740]  fp16-cm=0  int8-cm=0  bf16-cm=0  fp8-cm=0
04-15 20:46:35.502 I/s.k.i.AndroidNcnnUpscaler(22593): [DefaultDispatcher-worker-8] NCNN GPU instance created
04-15 20:46:36.051 W/b.snd_r.komelia(22593): userfaultfd: MOVE ioctl seems unsupported: Connection timed out
04-15 20:46:36.237 I/Kumiho-Kumiho(22593): getPackageName: io.github.snd_r.komelia
04-15 20:46:36.238 I/Kumiho-Kumiho(22593): getPackageName: io.github.snd_r.komelia
04-15 20:46:39.268 I/Kumiho-Kumiho(22593): getPackageName: io.github.snd_r.komelia
04-15 20:46:39.269 I/Kumiho-Kumiho(22593): getPackageName: io.github.snd_r.komelia
04-15 20:46:39.632 I/b.snd_r.komelia(22593): Compiler allocated 12MB to compile kotlin.Unit snd.komelia.ui.common.immersive.ImmersiveDetailScaffoldKt.ImmersiveDetailScaffold_lhvaFY0$lambda$6(androidx.compose.ui.unit.Density, boolean, boolean, kotlin.jvm.functions.Function1, long, androidx.compose.ui.Modifier, boolean, boolean, androidx.compose.ui.Modifier, java.lang.Object, java.lang.String, androidx.compose.ui.Modifier, androidx.compose.ui.graphics.ImageBitmap, androidx.compose.ui.Modifier, float, kotlin.jvm.functions.Function3, boolean, long, kotlin.jvm.functions.Function6, kotlin.jvm.functions.Function2, kotlin.jvm.functions.Function2, androidx.compose.foundation.layout.BoxWithConstraintsScope, androidx.compose.runtime.Composer, int)
04-15 20:46:39.978 D/ProfileInstaller(22593): Installing profile for io.github.snd_r.komelia
04-15 20:46:40.521 D/s.k.u.r.e.Epub3ReaderState(22593): [main                ] [epub3-init] epub directory ready: /data/user/0/io.github.snd_r.komelia/cache/epub3/0PTGDTQDAJPQS
04-15 20:46:40.533 D/s.k.u.r.e.Epub3ReaderState(22593): [DefaultDispatcher-worker-6] [epub3-fonts] font staging dir: /data/user/0/io.github.snd_r.komelia/cache/epub3/0PTGDTQDAJPQS/komelia-user-fonts
04-15 20:46:40.534 D/s.k.u.r.e.Epub3ReaderState(22593): [DefaultDispatcher-worker-6] [epub3-fonts] already exists: /data/user/0/io.github.snd_r.komelia/cache/epub3/0PTGDTQDAJPQS/komelia-user-fonts/Bookerly.ttf
04-15 20:46:40.689 I/s.k.u.r.e.Epub3ReaderState(22593): [main                ] [epub3-diag] getPositions-coroutine START heap=32MB clips=0
04-15 20:46:40.689 I/epub3-diag(22593): getPositions START heap=32MB chapters=41
04-15 20:46:40.696 I/s.k.u.r.e.Epub3ReaderState(22593): [main                ] [epub3-init] folder detection: found 10 audio files in /data/user/0/io.github.snd_r.komelia/cache/epub3/0PTGDTQDAJPQS
04-15 20:46:40.701 I/epub3-diag(22593): [audiobook-folder] initialize() called, extractedDir=/data/user/0/io.github.snd_r.komelia/cache/epub3/0PTGDTQDAJPQS
04-15 20:46:40.707 I/epub3-diag(22593): [audiobook-folder] detectAudioFiles returned 10 files
04-15 20:46:40.722 I/s.k.u.r.e.Epub3ReaderState(22593): [main                ] [komelia-epub] INIT: savedLocator=titlepage.xhtml currentLocator=null
04-15 20:46:40.775 D/s.k.u.r.e.Epub3ReaderState(22593): [main                ] [epub3-fonts] registering font: name=Bookerly uri=https://readium/publication/komelia-user-fonts/Bookerly.ttf
04-15 20:46:40.790 I/InsetsController(22593): setRequestedVisibleTypes: visible=false, mask=statusBars navigationBars, host=io.github.snd_r.komelia/snd.komelia.MainActivity, from=android.view.InsetsController.controlAnimationUnchecked:1604 android.view.InsetsController.applyAnimation:2416 android.view.InsetsController.applyAnimation:2343 android.view.InsetsController.hide:1540 android.view.InsetsController.hide:1450 androidx.core.view.WindowInsetsControllerCompat$Impl30.hide:664 androidx.core.view.WindowInsetsControllerCompat.hide:197 snd.komelia.AndroidWindowState.setFullscreen:28 snd.komelia.ui.reader.epub.Epub3ReaderContent_androidKt.Epub3ReaderContent$lambda$5$0$1$0:139 snd.komelia.ui.reader.epub.Epub3ReaderContent_androidKt.$r8$lambda$OS5g79mSqNtMFHT7caxdVQ3WoMg:0 
04-15 20:46:40.790 I/InsetsController(22593): controlAnimationUncheckedInner: Added types=statusBars navigationBars, animType=1, host=io.github.snd_r.komelia/snd.komelia.MainActivity, from=android.view.InsetsController.controlAnimationUnchecked:1608 android.view.InsetsController.applyAnimation:2416 android.view.InsetsController.applyAnimation:2343 
04-15 20:46:40.874 I/AdrenoVK-0(22593): Driver Path             : /vendor/lib64/hw/vulkan.adreno.so
04-15 20:46:40.879 I/epub3-diag(22593): [EPUB-DIAG] [PLAYER-RESET] Calling unload() - clearing existing ExoPlayer session.
04-15 20:46:40.972 I/InsetsController(22593): onStateChanged: host=io.github.snd_r.komelia/snd.komelia.MainActivity, from=android.view.ViewRootImpl.onInsetsStateChanged:3026, state=InsetsState: {mDisplayFrame=Rect(0, 0 - 1440, 3088), mDisplayCutout=DisplayCutout{insets=Rect(0, 100 - 0, 0) waterfall=Insets{left=0, top=0, right=0, bottom=0} boundingRect={Bounds=[Rect(0, 0 - 0, 0), Rect(685, 0 - 756, 100), Rect(0, 0 - 0, 0), Rect(0, 0 - 0, 0)]} cutoutPathParserInfo={CutoutPathParserInfo{displayWidth=1440 displayHeight=3088 physicalDisplayWidth=1440 physicalDisplayHeight=3088 density={3.75} cutoutSpec={M 0,0 H -9.466666666666667 V 26.66666666666667‬ H 9.466666666666667 V 0 H 0 Z @dp} rotation={0} scale={1.0} physicalPixelDisplaySizeRatio={1.0}}} sideOverrides={}}, mRoundedCorners=RoundedCorners{[RoundedCorner{position=TopLeft, radius=15, center=Point(15, 15)}, RoundedCorner{position=TopRight, radius=15, center=Point(1425, 15)}, RoundedCorner{position=BottomRight, radius=15, center=Point(1425, 3073)}, RoundedCorner{position=BottomLeft, radius=15, center=Point(15, 3073)}]}  mRoundedCornerFrame=Rect(0, 0 - 1440, 3088), mPrivacyIndicatorBounds=PrivacyIndicatorBounds {static bounds=Rect(1275, 0 - 1440, 100) rotation=0}, mDisplayShape=DisplayShape{ spec=-311912193 displayWidth=1440 displayHeight=3088 physicalPixelDisplaySizeRatio=1.0 rotation=0 offsetX=0 offsetY=0 scale=1.0}, mSources= { InsetsSource: {d1580000 mType=statusBars mFrame=[0,0][1440,100] mVisible=false mFlags= mSideHint=TOP mBoundingRects=null}, InsetsSource: {d1580005 mType=mandatorySystemGestures mFrame=[0,0][1440,145] mVisible=true mFlags= mSideHint=TOP mBoundingRects=null}, InsetsSource: {d1580006 mType=tappableElement mFrame=[0,0][1440,100] mVisible=true mFlags= mSideHint=TOP mBoundingRects=null}, InsetsSource: {3 mType=ime mFrame=[0,0][0,0] mVisible=false mFlags= mSideHint=NONE mBoundingRects=null}, InsetsSource: {27 mType=displayCutout mFrame=[0,0][1440,100] mVisible=true mFlags= mSideHint=TOP mBoundingRects=null}, InsetsSource: {2d4c0001 mType=navigationBars mFrame=[0,3032][1440,3088] mVisible=false mFlags=SUPPRESS_SCRIM mSideHint=BOTTOM mBoundingRects=null}, InsetsSource: {2d4c0004 mType=systemGestures mFrame=[0,0][112,3088] mVisible=true mFlags= mSideHint=LEFT mBoundingRects=null}, InsetsSource: {2d4c0005 mType=mandatorySystemGestures mFrame=[0,2968][1440,3088] mVisible=true mFlags= mSideHint=BOTTOM mBoundingRects=null}, InsetsSource: {2d4c0006 mType=tappableElement mFrame=[0,0][0,0] mVisible=true mFlags= mSideHint=NONE mBoundingRects=null}, InsetsSource: {2d4c0024 mType=systemGestures mFrame=[1328,0][1440,3088] mVisible=true mFlags= mSideHint=RIGHT mBoundingRects=null} }
04-15 20:46:41.107 I/epub3-diag(22593): PRE-PREPARE heap=20MB tracks=10 clips-by-track=
04-15 20:46:41.108 I/epub3-diag(22593): POST-PREPARE heap=20MB delta=0MB
04-15 20:46:41.133 I/NotificationManager(22593): io.github.snd_r.komelia: notify(1001, null, Notification(channel=default_channel_id shortcut=null contentView=null vibrate=null sound=null defaults=0 flags=ONLY_ALERT_ONCE color=0x00000000 category=transport groupKey=media3_group_key actions=5 vis=PUBLIC semFlags=0x0 semPriority=0 semMissedCount=0)) as user
04-15 20:46:41.134 D/NotificationManager(22593): BOOTING pkg =io.github.snd_r.komelia mBlockedChannelsForOverflowNoti=[]
04-15 20:46:41.151 W/InteractionJankMonitor(22593): Initializing without READ_DEVICE_CONFIG permission. enabled=false, interval=1, missedFrameThreshold=3, frameTimeThreshold=64, package=io.github.snd_r.komelia
04-15 20:46:41.152 I/InsetsController(22593): cancelAnimation: types=statusBars navigationBars, animType=1, host=io.github.snd_r.komelia/snd.komelia.MainActivity, from=android.view.InsetsController.notifyFinished:2006 android.view.InsetsAnimationControlImpl.applyChangeInsets:335 android.view.InsetsController.lambda$new$3:957 
04-15 20:46:41.180 I/NotificationManager(22593): io.github.snd_r.komelia: notify(1001, null, Notification(channel=default_channel_id shortcut=null contentView=null vibrate=null sound=null defaults=0 flags=ONLY_ALERT_ONCE color=0x00000000 category=transport groupKey=media3_group_key actions=5 vis=PUBLIC semFlags=0x0 semPriority=0 semMissedCount=0)) as user
04-15 20:46:41.187 I/NotificationManager(22593): io.github.snd_r.komelia: notify(1001, null, Notification(channel=default_channel_id shortcut=null contentView=null vibrate=null sound=null defaults=0 flags=ONLY_ALERT_ONCE color=0x00000000 category=transport groupKey=media3_group_key actions=5 vis=PUBLIC semFlags=0x0 semPriority=0 semMissedCount=0)) as user
04-15 20:46:41.237 I/epub3-diag(22593): getPositions END heap=25MB delta=-7MB positions=385
04-15 20:46:41.237 I/s.k.u.r.e.Epub3ReaderState(22593): [main                ] [epub3-diag] getPositions-coroutine END heap=25MB delta=-7MB
04-15 20:46:41.274 I/Kumiho-Kumiho(22593): getPackageName: io.github.snd_r.komelia
04-15 20:46:41.277 I/Kumiho-Kumiho(22593): getPackageName: io.github.snd_r.komelia
04-15 20:46:41.287 I/Kumiho-Kumiho(22593): getPackageName: io.github.snd_r.komelia
04-15 20:46:41.288 I/NotificationManager(22593): io.github.snd_r.komelia: notify(1001, null, Notification(channel=default_channel_id shortcut=null contentView=null vibrate=null sound=null defaults=0 flags=ONLY_ALERT_ONCE color=0x00000000 category=transport groupKey=media3_group_key actions=5 vis=PUBLIC semFlags=0x0 semPriority=0 semMissedCount=0)) as user
04-15 20:46:41.348 E/b.snd_r.komelia(22593): Failed to query component interface for required system resources: 6
04-15 20:46:41.353 D/C2Store (22593): debug.c2.use_dmabufheaps set, forcing DMABUF Heaps
04-15 20:46:41.389 I/NotificationManager(22593): io.github.snd_r.komelia: notify(1001, null, Notification(channel=default_channel_id shortcut=null contentView=null vibrate=null sound=null defaults=0 flags=ONLY_ALERT_ONCE color=0x00000000 category=transport groupKey=media3_group_key actions=5 vis=PUBLIC semFlags=0x0 semPriority=0 semMissedCount=0)) as user
04-15 20:46:41.393 I/b.snd_r.komelia(22593): hiddenapi: Accessing hidden method Landroid/media/AudioTrack;->getLatency()I (runtime_flags=0, domain=platform, api=unsupported) from Landroidx/media3/exoplayer/audio/AudioTrackPositionTracker; (domain=app, TargetSdkVersion=36) using reflection: allowed
04-15 20:46:41.417 I/NotificationManager(22593): io.github.snd_r.komelia: notify(1001, null, Notification(channel=default_channel_id shortcut=null contentView=null vibrate=null sound=null defaults=0 flags=ONLY_ALERT_ONCE color=0x00000000 category=transport groupKey=media3_group_key actions=5 vis=PUBLIC semFlags=0x0 semPriority=0 semMissedCount=0)) as user
04-15 20:46:43.272 D/Activity(22593): onKeyDown(KEYCODE_BACK), activity=snd.komelia.MainActivity@62dea59
04-15 20:46:43.274 I/InsetsController(22593): setRequestedVisibleTypes: visible=true, mask=statusBars navigationBars, host=io.github.snd_r.komelia/snd.komelia.MainActivity, from=android.view.InsetsController.controlAnimationUnchecked:1604 android.view.InsetsController.applyAnimation:2416 android.view.InsetsController.applyAnimation:2343 android.view.InsetsController.show:1422 android.view.InsetsController.show:1335 androidx.core.view.WindowInsetsControllerCompat$Impl30.show:656 androidx.core.view.WindowInsetsControllerCompat.show:183 snd.komelia.AndroidWindowState.setFullscreen:32 snd.komelia.ui.reader.epub.Epub3ReaderState.closeWebview:579 snd.komelia.ui.reader.epub.Epub3ReaderState.onBackButtonPress:563 
04-15 20:46:43.510 I/InsetsController(22593): onStateChanged: host=io.github.snd_r.komelia/snd.komelia.MainActivity, from=android.view.ViewRootImpl.onInsetsStateChanged:3026, state=InsetsState: {mDisplayFrame=Rect(0, 0 - 1440, 3088), mDisplayCutout=DisplayCutout{insets=Rect(0, 100 - 0, 0) waterfall=Insets{left=0, top=0, right=0, bottom=0} boundingRect={Bounds=[Rect(0, 0 - 0, 0), Rect(685, 0 - 756, 100), Rect(0, 0 - 0, 0), Rect(0, 0 - 0, 0)]} cutoutPathParserInfo={CutoutPathParserInfo{displayWidth=1440 displayHeight=3088 physicalDisplayWidth=1440 physicalDisplayHeight=3088 density={3.75} cutoutSpec={M 0,0 H -9.466666666666667 V 26.66666666666667‬ H 9.466666666666667 V 0 H 0 Z @dp} rotation={0} scale={1.0} physicalPixelDisplaySizeRatio={1.0}}} sideOverrides={}}, mRoundedCorners=RoundedCorners{[RoundedCorner{position=TopLeft, radius=15, center=Point(15, 15)}, RoundedCorner{position=TopRight, radius=15, center=Point(1425, 15)}, RoundedCorner{position=BottomRight, radius=15, center=Point(1425, 3073)}, RoundedCorner{position=BottomLeft, radius=15, center=Point(15, 3073)}]}  mRoundedCornerFrame=Rect(0, 0 - 1440, 3088), mPrivacyIndicatorBounds=PrivacyIndicatorBounds {static bounds=Rect(1275, 0 - 1440, 100) rotation=0}, mDisplayShape=DisplayShape{ spec=-311912193 displayWidth=1440 displayHeight=3088 physicalPixelDisplaySizeRatio=1.0 rotation=0 offsetX=0 offsetY=0 scale=1.0}, mSources= { InsetsSource: {d1580000 mType=statusBars mFrame=[0,0][1440,100] mVisible=true mFlags= mSideHint=TOP mBoundingRects=null}, InsetsSource: {d1580005 mType=mandatorySystemGestures mFrame=[0,0][1440,145] mVisible=true mFlags= mSideHint=TOP mBoundingRects=null}, InsetsSource: {d1580006 mType=tappableElement mFrame=[0,0][1440,100] mVisible=true mFlags= mSideHint=TOP mBoundingRects=null}, InsetsSource: {3 mType=ime mFrame=[0,0][0,0] mVisible=false mFlags= mSideHint=NONE mBoundingRects=null}, InsetsSource: {27 mType=displayCutout mFrame=[0,0][1440,100] mVisible=true mFlags= mSideHint=TOP mBoundingRects=null}, InsetsSource: {2d4c0001 mType=navigationBars mFrame=[0,3032][1440,3088] mVisible=true mFlags=SUPPRESS_SCRIM mSideHint=BOTTOM mBoundingRects=null}, InsetsSource: {2d4c0004 mType=systemGestures mFrame=[0,0][112,3088] mVisible=true mFlags= mSideHint=LEFT mBoundingRects=null}, InsetsSource: {2d4c0005 mType=mandatorySystemGestures mFrame=[0,2968][1440,3088] mVisible=true mFlags= mSideHint=BOTTOM mBoundingRects=null}, InsetsSource: {2d4c0006 mType=tappableElement mFrame=[0,0][0,0] mVisible=true mFlags= mSideHint=NONE mBoundingRects=null}, InsetsSource: {2d4c0024 mType=systemGestures mFrame=[1328,0][1440,3088] mVisible=true mFlags= mSideHint=RIGHT mBoundingRects=null} }
04-15 20:46:43.510 I/InsetsSourceConsumer(22593): applyRequestedVisibilityToControl: visible=true, type=navigationBars, host=io.github.snd_r.komelia/snd.komelia.MainActivity
04-15 20:46:43.510 I/InsetsSourceConsumer(22593): applyRequestedVisibilityToControl: visible=true, type=statusBars, host=io.github.snd_r.komelia/snd.komelia.MainActivity
04-15 20:46:43.628 I/b.snd_r.komelia(22593): Compiler allocated 6511KB to compile void snd.komelia.ui.book.immersive.ImmersiveBookContentKt.ImmersiveBookContent-9jOhhcA(snd.komelia.komga.api.model.KomeliaBook, java.util.List, snd.komga.client.library.KomgaLibrary, androidx.compose.ui.graphics.Color, kotlin.jvm.functions.Function1, snd.komelia.ui.common.menus.BookMenuActions, kotlin.jvm.functions.Function0, kotlin.jvm.functions.Function2, kotlin.jvm.functions.Function0, kotlin.jvm.functions.Function1, java.util.Map, kotlin.jvm.functions.Function1, kotlin.jvm.functions.Function2, float, kotlin.jvm.functions.Function1, java.lang.String, kotlin.jvm.functions.Function1, boolean, kotlin.jvm.functions.Function1, androidx.compose.runtime.Composer, int, int, int)
04-15 20:46:43.772 I/Kumiho-Kumiho(22593): getPackageName: io.github.snd_r.komelia
04-15 20:46:43.773 I/Kumiho-Kumiho(22593): getPackageName: io.github.snd_r.komelia
04-15 20:46:46.638 E/b.snd_r.komelia(22593): No implementation found for java.util.List snd.komelia.onnxruntime.JvmOnnxRuntime.enumerateDevices() (tried Java_snd_komelia_onnxruntime_JvmOnnxRuntime_enumerateDevices and Java_snd_komelia_onnxruntime_JvmOnnxRuntime_enumerateDevices__) - is the library loaded, e.g. System.loadLibrary?
04-15 20:46:46.640 E/s.k.u.s.i.o.SettingsState(22593): [main                ] catchingjava.lang.UnsatisfiedLinkError: No implementation found for java.util.List snd.komelia.onnxruntime.JvmOnnxRuntime.enumerateDevices() (tried Java_snd_komelia_onnxruntime_JvmOnnxRuntime_enumerateDevices and Java_snd_komelia_onnxruntime_JvmOnnxRuntime_enumerateDevices__) - is the library loaded, e.g. System.loadLibrary?
04-15 20:46:46.640 E/s.k.u.s.i.o.SettingsState(22593): 	at snd.komelia.onnxruntime.JvmOnnxRuntime.enumerateDevices(Native Method)
04-15 20:46:46.640 E/s.k.u.s.i.o.SettingsState(22593): 	at snd.komelia.ui.settings.imagereader.onnxruntime.OnnxRuntimeSettingsState.<init>(SettingsState.kt:37)
04-15 20:46:46.640 E/s.k.u.s.i.o.SettingsState(22593): 	at snd.komelia.ui.settings.imagereader.ImageReaderSettingsViewModel.<init>(ImageReaderSettingsViewModel.kt:40)
04-15 20:46:46.640 E/s.k.u.s.i.o.SettingsState(22593): 	at snd.komelia.ui.ViewModelFactory.getImageReaderSettingsViewModel(ViewModelFactory.kt:683)
04-15 20:46:46.640 E/s.k.u.s.i.o.SettingsState(22593): 	at snd.komelia.ui.settings.imagereader.ImageReaderSettingsScreen.Content(ImageReaderSettingsScreen.kt:16)
04-15 20:46:46.640 E/s.k.u.s.i.o.SettingsState(22593): 	at snd.komelia.ui.MainScreen.MobileLayout$lambda$0$1$0$1$0$0$0$1$0$0(MainScreen.kt:272)
04-15 20:46:46.640 E/s.k.u.s.i.o.SettingsState(22593): 	at snd.komelia.ui.MainScreen.$r8$lambda$4QscXh1uJ4_v86_aICmJ49Gi8Ak(Unknown Source:0)
04-15 20:46:46.640 E/s.k.u.s.i.o.SettingsState(22593): 	at snd.komelia.ui.MainScreen$$ExternalSyntheticLambda2.invoke(D8$$SyntheticClass:0)
04-15 20:46:46.640 E/s.k.u.s.i.o.SettingsState(22593): 	at snd.komelia.ui.MainScreen.MobileLayout$lambda$0$1$0$1$0$0$0$1$0(MainScreen.kt:271)
04-15 20:46:46.640 E/s.k.u.s.i.o.SettingsState(22593): 	at snd.komelia.ui.MainScreen.$r8$lambda$r_rq3SGXn7WVk8DjRBF-JtjpbEU(Unknown Source:0)
04-15 20:46:46.640 E/s.k.u.s.i.o.SettingsState(22593): 	at snd.komelia.ui.MainScreen$$ExternalSyntheticLambda21.invoke(D8$$SyntheticClass:0)
04-15 20:46:46.640 E/s.k.u.s.i.o.SettingsState(22593): 	at snd.komelia.ui.MainScreen.MobileLayout$lambda$0$1$0$1$0$0$0$1(MainScreen.kt:270)
04-15 20:46:46.640 E/s.k.u.s.i.o.SettingsState(22593): 	at snd.komelia.ui.MainScreen.$r8$lambda$TBRncyF1ygEyxnOcAQ-82-hYnuM(Unknown Source:0)
04-15 20:46:46.640 E/s.k.u.s.i.o.SettingsState(22593): 	at snd.komelia.ui.MainScreen$$ExternalSyntheticLambda1.invoke(D8$$SyntheticClass:0)
04-15 20:46:46.640 E/s.k.u.s.i.o.SettingsState(22593): 	at snd.komelia.ui.MainScreen.MobileLayout$lambda$0$1$0$1$0$0$0(MainScreen.kt:257)
04-15 20:46:46.640 E/s.k.u.s.i.o.SettingsState(22593): 	at snd.komelia.ui.MainScreen.$r8$lambda$zxIIKQI-YOCBA8q1GYAgzni4Bs4(Unknown Source:0)
04-15 20:46:46.640 E/s.k.u.s.i.o.SettingsState(22593): 	at snd.komelia.ui.MainScreen$$ExternalSyntheticLambda25.invoke(D8$$SyntheticClass:0)
04-15 20:46:46.640 E/s.k.u.s.i.o.SettingsState(22593): 	at snd.komelia.ui.MainScreen.MobileLayout$lambda$0$1$0$1$0$0(MainScreen.kt:256)
04-15 20:46:46.640 E/s.k.u.s.i.o.SettingsState(22593): 	at snd.komelia.ui.MainScreen.$r8$lambda$jujecBOODHzZ6dxW-nZhxlbWDWw(Unknown Source:0)
04-15 20:46:46.640 E/s.k.u.s.i.o.SettingsState(22593): 	at snd.komelia.ui.MainScreen$$ExternalSyntheticLambda6.invoke(D8$$SyntheticClass:0)
04-15 20:46:46.640 E/s.k.u.s.i.o.SettingsState(22593): 	at snd.komelia.ui.MainScreen.MobileLayout$lambda$0$1$0$1(MainScreen.kt:255)
04-15 20:46:46.640 E/s.k.u.s.i.o.SettingsState(22593): 	at snd.komelia.ui.MainScreen.$r8$lambda$Q1MUIyioLDfAzRZRyRXURXZNiSU(Unknown Source:0)
04-15 20:46:46.640 E/s.k.u.s.i.o.SettingsState(22593): 	at snd.komelia.ui.MainScreen$$ExternalSyntheticLambda9.invoke(D8$$SyntheticClass:0)
04-15 20:46:46.640 E/s.k.u.s.i.o.SettingsState(22593): 	at snd.komelia.ui.MainScreen.MobileLayout$lambda$0$1$0(MainScreen.kt:233)
04-15 20:46:46.640 E/s.k.u.s.i.o.SettingsState(22593): 	at snd.komelia.ui.MainScreen.$r8$lambda$HuExJ3IrAIFVTRZO1clHJvlr_Zg(Unknown Source:0)
04-15 20:46:46.640 E/s.k.u.s.i.o.SettingsState(22593): 	at snd.komelia.ui.MainScreen$$ExternalSyntheticLambda26.invoke(D8$$SyntheticClass:0)
04-15 20:46:46.640 E/s.k.u.s.i.o.SettingsState(22593): 	at snd.komelia.ui.MainScreen.MobileLayout$lambda$0$1(MainScreen.kt:230)
04-15 20:46:46.640 E/s.k.u.s.i.o.SettingsState(22593): 	at snd.komelia.ui.MainScreen.$r8$lambda$8LhK4zpu0XMwQet3ljQCfmhwjHQ(Unknown Source:0)
04-15 20:46:46.640 E/s.k.u.s.i.o.SettingsState(22593): 	at snd.komelia.ui.MainScreen$$ExternalSyntheticLambda16.invoke(D8$$SyntheticClass:0)
04-15 20:46:48.132 I/InsetsController(22593): onStateChanged: host=io.github.snd_r.komelia/snd.komelia.MainActivity, from=android.view.ViewRootImpl.onInsetsStateChanged:3026, state=InsetsState: {mDisplayFrame=Rect(0, 0 - 1440, 3088), mDisplayCutout=DisplayCutout{insets=Rect(0, 100 - 0, 0) waterfall=Insets{left=0, top=0, right=0, bottom=0} boundingRect={Bounds=[Rect(0, 0 - 0, 0), Rect(685, 0 - 756, 100), Rect(0, 0 - 0, 0), Rect(0, 0 - 0, 0)]} cutoutPathParserInfo={CutoutPathParserInfo{displayWidth=1440 displayHeight=3088 physicalDisplayWidth=1440 physicalDisplayHeight=3088 density={3.75} cutoutSpec={M 0,0 H -9.466666666666667 V 26.66666666666667‬ H 9.466666666666667 V 0 H 0 Z @dp} rotation={0} scale={1.0} physicalPixelDisplaySizeRatio={1.0}}} sideOverrides={}}, mRoundedCorners=RoundedCorners{[RoundedCorner{position=TopLeft, radius=15, center=Point(15, 15)}, RoundedCorner{position=TopRight, radius=15, center=Point(1425, 15)}, RoundedCorner{position=BottomRight, radius=15, center=Point(1425, 3073)}, RoundedCorner{position=BottomLeft, radius=15, center=Point(15, 3073)}]}  mRoundedCornerFrame=Rect(0, 0 - 1440, 3088), mPrivacyIndicatorBounds=PrivacyIndicatorBounds {static bounds=Rect(1275, 0 - 1440, 100) rotation=0}, mDisplayShape=DisplayShape{ spec=-311912193 displayWidth=1440 displayHeight=3088 physicalPixelDisplaySizeRatio=1.0 rotation=0 offsetX=0 offsetY=0 scale=1.0}, mSources= { InsetsSource: {d1580000 mType=statusBars mFrame=[0,0][1440,100] mVisible=true mFlags= mSideHint=TOP mBoundingRects=null}, InsetsSource: {d1580005 mType=mandatorySystemGestures mFrame=[0,0][1440,145] mVisible=true mFlags= mSideHint=TOP mBoundingRects=null}, InsetsSource: {d1580006 mType=tappableElement mFrame=[0,0][1440,100] mVisible=true mFlags= mSideHint=TOP mBoundingRects=null}, InsetsSource: {3 mType=ime mFrame=[0,0][0,0] mVisible=false mFlags= mSideHint=NONE mBoundingRects=null}, InsetsSource: {27 mType=displayCutout mFrame=[0,0][1440,100] mVisible=true mFlags= mSideHint=TOP mBoundingRects=null}, InsetsSource: {2d4c0001 mType=navigationBars mFrame=[0,3032][1440,3088] mVisible=true mFlags=SUPPRESS_SCRIM mSideHint=BOTTOM mBoundingRects=null}, InsetsSource: {2d4c0004 mType=systemGestures mFrame=[0,0][112,3088] mVisible=true mFlags= mSideHint=LEFT mBoundingRects=null}, InsetsSource: {2d4c0005 mType=mandatorySystemGestures mFrame=[0,2968][1440,3088] mVisible=true mFlags= mSideHint=BOTTOM mBoundingRects=null}, InsetsSource: {2d4c0006 mType=tappableElement mFrame=[0,0][0,0] mVisible=true mFlags= mSideHint=NONE mBoundingRects=null}, InsetsSource: {2d4c0024 mType=systemGestures mFrame=[1328,0][1440,3088] mVisible=true mFlags= mSideHint=RIGHT mBoundingRects=null} }
04-15 20:46:48.192 I/InsetsSourceConsumer(22593): applyRequestedVisibilityToControl: visible=true, type=navigationBars, host=io.github.snd_r.komelia/snd.komelia.MainActivity
04-15 20:46:48.192 I/InsetsSourceConsumer(22593): applyRequestedVisibilityToControl: visible=true, type=statusBars, host=io.github.snd_r.komelia/snd.komelia.MainActivity
04-15 20:46:48.244 I/ImeTracker(22593): io.github.snd_r.komelia:72beb13c: onCancelled at PHASE_CLIENT_ALREADY_HIDDEN